This file contains any messages produced by compilers while
running configure, to aid debugging if configure makes a mistake.

It was created by ClanBomber configure 2.2.0, which was
generated by GNU Autoconf 2.69.  Invocation command line was

  $ ./configure 

## --------- ##
## Platform. ##
## --------- ##

hostname = codespaces-3beab4
uname -m = x86_64
uname -r = 6.5.0-1022-azure
uname -s = Linux
uname -v = #23~22.04.1-Ubuntu SMP Thu May  9 17:59:24 UTC 2024

/usr/bin/uname -p = x86_64
/bin/uname -X     = unknown

/bin/arch              = x86_64
/usr/bin/arch -k       = unknown
/usr/convex/getsysinfo = unknown
/usr/bin/hostinfo      = unknown
/bin/machine           = unknown
/usr/bin/oslevel       = unknown
/bin/universe          = unknown

PATH: /usr/local/rvm/gems/ruby-3.2.4/bin
PATH: /usr/local/rvm/gems/ruby-3.2.4@global/bin
PATH: /usr/local/rvm/rubies/ruby-3.2.4/bin
PATH: /vscode/bin/linux-x64/ea1445cc7016315d0f5728f8e8b12a45dc0a7286/bin/remote-cli
PATH: /home/codespace/.local/bin
PATH: /home/codespace/.dotnet
PATH: /home/codespace/nvm/current/bin
PATH: /home/codespace/.php/current/bin
PATH: /home/codespace/.python/current/bin
PATH: /home/codespace/java/current/bin
PATH: /home/codespace/.ruby/current/bin
PATH: /home/codespace/.local/bin
PATH: /usr/local/python/current/bin
PATH: /usr/local/py-utils/bin
PATH: /usr/local/oryx
PATH: /usr/local/go/bin
PATH: /go/bin
PATH: /usr/local/sdkman/bin
PATH: /usr/local/sdkman/candidates/java/current/bin
PATH: /usr/local/sdkman/candidates/gradle/current/bin
PATH: /usr/local/sdkman/candidates/maven/current/bin
PATH: /usr/local/sdkman/candidates/ant/current/bin
PATH: /usr/local/rvm/gems/default/bin
PATH: /usr/local/rvm/gems/default@global/bin
PATH: /usr/local/rvm/rubies/default/bin
PATH: /usr/local/share/rbenv/bin
PATH: /usr/local/php/current/bin
PATH: /opt/conda/bin
PATH: /usr/local/nvs
PATH: /usr/local/share/nvm/versions/node/v20.14.0/bin
PATH: /usr/local/hugo/bin
PATH: /usr/local/sbin
PATH: /usr/local/bin
PATH: /usr/sbin
PATH: /usr/bin
PATH: /sbin
PATH: /bin
PATH: /usr/share/dotnet
PATH: /home/codespace/.dotnet/tools
PATH: /usr/local/rvm/bin


## ----------- ##
## Core tests. ##
## ----------- ##

configure:2350: checking for a BSD-compatible install
configure:2418: result: /usr/bin/install -c
configure:2429: checking whether build environment is sane
configure:2484: result: yes
configure:2633: checking for a thread-safe mkdir -p
configure:2672: result: /usr/bin/mkdir -p
configure:2679: checking for gawk
configure:2695: found /usr/bin/gawk
configure:2706: result: gawk
configure:2717: checking whether make sets $(MAKE)
configure:2739: result: yes
configure:2768: checking whether make supports nested variables
configure:2785: result: yes
configure:2971: checking for g++
configure:2987: found /usr/bin/g++
configure:2998: result: g++
configure:3025: checking for C++ compiler version
configure:3034: g++ --version >&5
g++ (Ubuntu 9.4.0-1ubuntu1~20.04.2) 9.4.0
Copyright (C) 2019 Free Software Foundation, Inc.
This is free software; see the source for copying conditions.  There is NO
warranty; not even for MERCHANTABILITY or FITNESS FOR A PARTICULAR PURPOSE.

configure:3045: $? = 0
configure:3034: g++ -v >&5
Using built-in specs.
COLLECT_GCC=g++
COLLECT_LTO_WRAPPER=/usr/lib/gcc/x86_64-linux-gnu/9/lto-wrapper
OFFLOAD_TARGET_NAMES=nvptx-none:hsa
OFFLOAD_TARGET_DEFAULT=1
Target: x86_64-linux-gnu
Configured with: ../src/configure -v --with-pkgversion='Ubuntu 9.4.0-1ubuntu1~20.04.2' --with-bugurl=file:///usr/share/doc/gcc-9/README.Bugs --enable-languages=c,ada,c++,go,brig,d,fortran,objc,obj-c++,gm2 --prefix=/usr --with-gcc-major-version-only --program-suffix=-9 --program-prefix=x86_64-linux-gnu- --enable-shared --enable-linker-build-id --libexecdir=/usr/lib --without-included-gettext --enable-threads=posix --libdir=/usr/lib --enable-nls --enable-clocale=gnu --enable-libstdcxx-debug --enable-libstdcxx-time=yes --with-default-libstdcxx-abi=new --enable-gnu-unique-object --disable-vtable-verify --enable-plugin --enable-default-pie --with-system-zlib --with-target-system-zlib=auto --enable-objc-gc=auto --enable-multiarch --disable-werror --with-arch-32=i686 --with-abi=m64 --with-multilib-list=m32,m64,mx32 --enable-multilib --with-tune=generic --enable-offload-targets=nvptx-none=/build/gcc-9-9QDOt0/gcc-9-9.4.0/debian/tmp-nvptx/usr,hsa --without-cuda-driver --enable-checking=release --build=x86_64-linux-gnu --host=x86_64-linux-gnu --target=x86_64-linux-gnu
Thread model: posix
gcc version 9.4.0 (Ubuntu 9.4.0-1ubuntu1~20.04.2) 
configure:3045: $? = 0
configure:3034: g++ -V >&5
g++: error: unrecognized command line option '-V'
g++: fatal error: no input files
compilation terminated.
configure:3045: $? = 1
configure:3034: g++ -qversion >&5
g++: error: unrecognized command line option '-qversion'; did you mean '--version'?
g++: fatal error: no input files
compilation terminated.
configure:3045: $? = 1
configure:3065: checking whether the C++ compiler works
configure:3087: g++    conftest.cpp  >&5
configure:3091: $? = 0
configure:3139: result: yes
configure:3142: checking for C++ compiler default output file name
configure:3144: result: a.out
configure:3150: checking for suffix of executables
configure:3157: g++ -o conftest    conftest.cpp  >&5
configure:3161: $? = 0
configure:3183: result: 
configure:3205: checking whether we are cross compiling
configure:3213: g++ -o conftest    conftest.cpp  >&5
configure:3217: $? = 0
configure:3224: ./conftest
configure:3228: $? = 0
configure:3216: result: no
configure:3221: checking for suffix of object files
configure:3243: g++ -c   conftest.cpp >&5
configure:3247: $? = 0
configure:3268: result: o
configure:3272: checking whether we are using the GNU C++ compiler
configure:3291: g++ -c   conftest.cpp >&5
configure:3291: $? = 0
configure:3300: result: yes
configure:3309: checking whether g++ accepts -g
configure:3329: g++ -c -g  conftest.cpp >&5
configure:3329: $? = 0
configure:3370: result: yes
configure:3396: checking whether make supports the include directive
configure:3411: make -f confmf.GNU && cat confinc.out
this is the am__doit target
configure:3414: $? = 0
configure:3433: result: yes (GNU style)
configure:3458: checking dependency style of g++
configure:3569: result: gcc3
configure:3592: checking whether g++ supports C++11 features by default
configure:3886: g++ -c -g -O2  conftest.cpp >&5
configure:3886: $? = 0
configure:3893: result: yes
configure:4574: checking how to run the C++ preprocessor
configure:4601: g++ -E  conftest.cpp
configure:4601: $? = 0
configure:4615: g++ -E  conftest.cpp
conftest.cpp:12:10: fatal error: ac_nonexistent.h: No such file or directory
   12 | #include <ac_nonexistent.h>
      |          ^~~~~~~~~~~~~~~~~~
compilation terminated.
configure:4615: $? = 1
configure: failed program was:
| /* confdefs.h */
| #define PACKAGE_NAME "ClanBomber"
| #define PACKAGE_TARNAME "clanbomber"
| #define PACKAGE_VERSION "2.2.0"
| #define PACKAGE_STRING "ClanBomber 2.2.0"
| #define PACKAGE_BUGREPORT "rsl@member.fsf.org"
| #define PACKAGE_URL ""
| #define PACKAGE "clanbomber"
| #define VERSION "2.2.0"
| #define HAVE_CXX11 1
| /* end confdefs.h.  */
| #include <ac_nonexistent.h>
configure:4640: result: g++ -E
configure:4660: g++ -E  conftest.cpp
configure:4660: $? = 0
configure:4674: g++ -E  conftest.cpp
conftest.cpp:12:10: fatal error: ac_nonexistent.h: No such file or directory
   12 | #include <ac_nonexistent.h>
      |          ^~~~~~~~~~~~~~~~~~
compilation terminated.
configure:4674: $? = 1
configure: failed program was:
| /* confdefs.h */
| #define PACKAGE_NAME "ClanBomber"
| #define PACKAGE_TARNAME "clanbomber"
| #define PACKAGE_VERSION "2.2.0"
| #define PACKAGE_STRING "ClanBomber 2.2.0"
| #define PACKAGE_BUGREPORT "rsl@member.fsf.org"
| #define PACKAGE_URL ""
| #define PACKAGE "clanbomber"
| #define VERSION "2.2.0"
| #define HAVE_CXX11 1
| /* end confdefs.h.  */
| #include <ac_nonexistent.h>
configure:4703: checking for grep that handles long lines and -e
configure:4761: result: /usr/bin/grep
configure:4766: checking for egrep
configure:4828: result: /usr/bin/grep -E
configure:4833: checking for ANSI C header files
configure:4853: g++ -c -g -O2  conftest.cpp >&5
configure:4853: $? = 0
configure:4926: g++ -o conftest -g -O2   conftest.cpp  >&5
configure:4926: $? = 0
configure:4926: ./conftest
configure:4926: $? = 0
configure:4937: result: yes
configure:4950: checking for sys/types.h
configure:4950: g++ -c -g -O2  conftest.cpp >&5
configure:4950: $? = 0
configure:4950: result: yes
configure:4950: checking for sys/stat.h
configure:4950: g++ -c -g -O2  conftest.cpp >&5
configure:4950: $? = 0
configure:4950: result: yes
configure:4950: checking for stdlib.h
configure:4950: g++ -c -g -O2  conftest.cpp >&5
configure:4950: $? = 0
configure:4950: result: yes
configure:4950: checking for string.h
configure:4950: g++ -c -g -O2  conftest.cpp >&5
configure:4950: $? = 0
configure:4950: result: yes
configure:4950: checking for memory.h
configure:4950: g++ -c -g -O2  conftest.cpp >&5
configure:4950: $? = 0
configure:4950: result: yes
configure:4950: checking for strings.h
configure:4950: g++ -c -g -O2  conftest.cpp >&5
configure:4950: $? = 0
configure:4950: result: yes
configure:4950: checking for inttypes.h
configure:4950: g++ -c -g -O2  conftest.cpp >&5
configure:4950: $? = 0
configure:4950: result: yes
configure:4950: checking for stdint.h
configure:4950: g++ -c -g -O2  conftest.cpp >&5
configure:4950: $? = 0
configure:4950: result: yes
configure:4950: checking for unistd.h
configure:4950: g++ -c -g -O2  conftest.cpp >&5
configure:4950: $? = 0
configure:4950: result: yes
configure:4962: checking whether byte ordering is bigendian
configure:4977: g++ -c -g -O2  conftest.cpp >&5
conftest.cpp:23:9: error: expected unqualified-id before 'not' token
   23 |         not a universal capable compiler
      |         ^~~
configure:4977: $? = 1
configure: failed program was:
| /* confdefs.h */
| #define PACKAGE_NAME "ClanBomber"
| #define PACKAGE_TARNAME "clanbomber"
| #define PACKAGE_VERSION "2.2.0"
| #define PACKAGE_STRING "ClanBomber 2.2.0"
| #define PACKAGE_BUGREPORT "rsl@member.fsf.org"
| #define PACKAGE_URL ""
| #define PACKAGE "clanbomber"
| #define VERSION "2.2.0"
| #define HAVE_CXX11 1
| #define STDC_HEADERS 1
| #define HAVE_SYS_TYPES_H 1
| #define HAVE_SYS_STAT_H 1
| #define HAVE_STDLIB_H 1
| #define HAVE_STRING_H 1
| #define HAVE_MEMORY_H 1
| #define HAVE_STRINGS_H 1
| #define HAVE_INTTYPES_H 1
| #define HAVE_STDINT_H 1
| #define HAVE_UNISTD_H 1
| /* end confdefs.h.  */
| #ifndef __APPLE_CC__
| 	       not a universal capable compiler
| 	     #endif
| 	     typedef int dummy;
| 
configure:5022: g++ -c -g -O2  conftest.cpp >&5
configure:5022: $? = 0
configure:5040: g++ -c -g -O2  conftest.cpp >&5
conftest.cpp: In function 'int main()':
conftest.cpp:29:8: error: 'big' was not declared in this scope
   29 |    not big endian
      |        ^~~
configure:5040: $? = 1
configure: failed program was:
| /* confdefs.h */
| #define PACKAGE_NAME "ClanBomber"
| #define PACKAGE_TARNAME "clanbomber"
| #define PACKAGE_VERSION "2.2.0"
| #define PACKAGE_STRING "ClanBomber 2.2.0"
| #define PACKAGE_BUGREPORT "rsl@member.fsf.org"
| #define PACKAGE_URL ""
| #define PACKAGE "clanbomber"
| #define VERSION "2.2.0"
| #define HAVE_CXX11 1
| #define STDC_HEADERS 1
| #define HAVE_SYS_TYPES_H 1
| #define HAVE_SYS_STAT_H 1
| #define HAVE_STDLIB_H 1
| #define HAVE_STRING_H 1
| #define HAVE_MEMORY_H 1
| #define HAVE_STRINGS_H 1
| #define HAVE_INTTYPES_H 1
| #define HAVE_STDINT_H 1
| #define HAVE_UNISTD_H 1
| /* end confdefs.h.  */
| #include <sys/types.h>
| 		#include <sys/param.h>
| 
| int
| main ()
| {
| #if BYTE_ORDER != BIG_ENDIAN
| 		 not big endian
| 		#endif
| 
|   ;
|   return 0;
| }
configure:5168: result: no
configure:5229: checking for ranlib
configure:5245: found /usr/bin/ranlib
configure:5256: result: ranlib
configure:5279: checking for a sed that does not truncate output
configure:5343: result: /usr/bin/sed
configure:5349: checking whether NLS is requested
configure:5358: result: yes
configure:5398: checking for msgfmt
configure: trying /usr/bin/msgfmt...
0 translated messages.
configure:5430: result: /usr/bin/msgfmt
configure:5439: checking for gmsgfmt
configure:5470: result: /usr/bin/msgfmt
configure:5520: checking for xgettext
configure: trying /usr/bin/xgettext...
/usr/bin/xgettext: warning: file '/dev/null' extension '' is unknown; will try C
configure:5552: result: /usr/bin/xgettext
configure:5597: checking for msgmerge
configure: trying /usr/bin/msgmerge...
configure:5628: result: /usr/bin/msgmerge
configure:5709: checking for gcc
configure:5725: found /usr/bin/gcc
configure:5736: result: gcc
configure:5965: checking for C compiler version
configure:5974: gcc --version >&5
gcc (Ubuntu 9.4.0-1ubuntu1~20.04.2) 9.4.0
Copyright (C) 2019 Free Software Foundation, Inc.
This is free software; see the source for copying conditions.  There is NO
warranty; not even for MERCHANTABILITY or FITNESS FOR A PARTICULAR PURPOSE.

configure:5985: $? = 0
configure:5974: gcc -v >&5
Using built-in specs.
COLLECT_GCC=gcc
COLLECT_LTO_WRAPPER=/usr/lib/gcc/x86_64-linux-gnu/9/lto-wrapper
OFFLOAD_TARGET_NAMES=nvptx-none:hsa
OFFLOAD_TARGET_DEFAULT=1
Target: x86_64-linux-gnu
Configured with: ../src/configure -v --with-pkgversion='Ubuntu 9.4.0-1ubuntu1~20.04.2' --with-bugurl=file:///usr/share/doc/gcc-9/README.Bugs --enable-languages=c,ada,c++,go,brig,d,fortran,objc,obj-c++,gm2 --prefix=/usr --with-gcc-major-version-only --program-suffix=-9 --program-prefix=x86_64-linux-gnu- --enable-shared --enable-linker-build-id --libexecdir=/usr/lib --without-included-gettext --enable-threads=posix --libdir=/usr/lib --enable-nls --enable-clocale=gnu --enable-libstdcxx-debug --enable-libstdcxx-time=yes --with-default-libstdcxx-abi=new --enable-gnu-unique-object --disable-vtable-verify --enable-plugin --enable-default-pie --with-system-zlib --with-target-system-zlib=auto --enable-objc-gc=auto --enable-multiarch --disable-werror --with-arch-32=i686 --with-abi=m64 --with-multilib-list=m32,m64,mx32 --enable-multilib --with-tune=generic --enable-offload-targets=nvptx-none=/build/gcc-9-9QDOt0/gcc-9-9.4.0/debian/tmp-nvptx/usr,hsa --without-cuda-driver --enable-checking=release --build=x86_64-linux-gnu --host=x86_64-linux-gnu --target=x86_64-linux-gnu
Thread model: posix
gcc version 9.4.0 (Ubuntu 9.4.0-1ubuntu1~20.04.2) 
configure:5985: $? = 0
configure:5974: gcc -V >&5
gcc: error: unrecognized command line option '-V'
gcc: fatal error: no input files
compilation terminated.
configure:5985: $? = 1
configure:5974: gcc -qversion >&5
gcc: error: unrecognized command line option '-qversion'; did you mean '--version'?
gcc: fatal error: no input files
compilation terminated.
configure:5985: $? = 1
configure:5989: checking whether we are using the GNU C compiler
configure:6008: gcc -c   conftest.c >&5
configure:6008: $? = 0
configure:6017: result: yes
configure:6026: checking whether gcc accepts -g
configure:6046: gcc -c -g  conftest.c >&5
configure:6046: $? = 0
configure:6087: result: yes
configure:6104: checking for gcc option to accept ISO C89
configure:6167: gcc  -c -g -O2  conftest.c >&5
configure:6167: $? = 0
configure:6180: result: none needed
configure:6205: checking whether gcc understands -c and -o together
configure:6227: gcc -c conftest.c -o conftest2.o
configure:6230: $? = 0
configure:6227: gcc -c conftest.c -o conftest2.o
configure:6230: $? = 0
configure:6242: result: yes
configure:6261: checking dependency style of gcc
configure:6372: result: gcc3
configure:6391: checking build system type
configure:6405: result: x86_64-pc-linux-gnu
configure:6425: checking host system type
configure:6438: result: x86_64-pc-linux-gnu
configure:6483: checking for ld used by gcc
configure:6550: result: /usr/bin/ld
configure:6557: checking if the linker (/usr/bin/ld) is GNU ld
configure:6572: result: yes
configure:6579: checking for shared library run path origin
configure:6592: result: done
configure:7164: checking for CFPreferencesCopyAppValue
configure:7182: g++ -o conftest -g -O2   conftest.cpp  -Wl,-framework -Wl,CoreFoundation >&5
conftest.cpp:22:10: fatal error: CoreFoundation/CFPreferences.h: No such file or directory
   22 | #include <CoreFoundation/CFPreferences.h>
      |          ^~~~~~~~~~~~~~~~~~~~~~~~~~~~~~~~
compilation terminated.
configure:7182: $? = 1
configure: failed program was:
| /* confdefs.h */
| #define PACKAGE_NAME "ClanBomber"
| #define PACKAGE_TARNAME "clanbomber"
| #define PACKAGE_VERSION "2.2.0"
| #define PACKAGE_STRING "ClanBomber 2.2.0"
| #define PACKAGE_BUGREPORT "rsl@member.fsf.org"
| #define PACKAGE_URL ""
| #define PACKAGE "clanbomber"
| #define VERSION "2.2.0"
| #define HAVE_CXX11 1
| #define STDC_HEADERS 1
| #define HAVE_SYS_TYPES_H 1
| #define HAVE_SYS_STAT_H 1
| #define HAVE_STDLIB_H 1
| #define HAVE_STRING_H 1
| #define HAVE_MEMORY_H 1
| #define HAVE_STRINGS_H 1
| #define HAVE_INTTYPES_H 1
| #define HAVE_STDINT_H 1
| #define HAVE_UNISTD_H 1
| /* end confdefs.h.  */
| #include <CoreFoundation/CFPreferences.h>
| int
| main ()
| {
| CFPreferencesCopyAppValue(NULL, NULL)
|   ;
|   return 0;
| }
configure:7191: result: no
configure:7198: checking for CFLocaleCopyCurrent
configure:7216: g++ -o conftest -g -O2   conftest.cpp  -Wl,-framework -Wl,CoreFoundation >&5
conftest.cpp:22:10: fatal error: CoreFoundation/CFLocale.h: No such file or directory
   22 | #include <CoreFoundation/CFLocale.h>
      |          ^~~~~~~~~~~~~~~~~~~~~~~~~~~
compilation terminated.
configure:7216: $? = 1
configure: failed program was:
| /* confdefs.h */
| #define PACKAGE_NAME "ClanBomber"
| #define PACKAGE_TARNAME "clanbomber"
| #define PACKAGE_VERSION "2.2.0"
| #define PACKAGE_STRING "ClanBomber 2.2.0"
| #define PACKAGE_BUGREPORT "rsl@member.fsf.org"
| #define PACKAGE_URL ""
| #define PACKAGE "clanbomber"
| #define VERSION "2.2.0"
| #define HAVE_CXX11 1
| #define STDC_HEADERS 1
| #define HAVE_SYS_TYPES_H 1
| #define HAVE_SYS_STAT_H 1
| #define HAVE_STDLIB_H 1
| #define HAVE_STRING_H 1
| #define HAVE_MEMORY_H 1
| #define HAVE_STRINGS_H 1
| #define HAVE_INTTYPES_H 1
| #define HAVE_STDINT_H 1
| #define HAVE_UNISTD_H 1
| /* end confdefs.h.  */
| #include <CoreFoundation/CFLocale.h>
| int
| main ()
| {
| CFLocaleCopyCurrent();
|   ;
|   return 0;
| }
configure:7225: result: no
configure:7274: checking for GNU gettext in libc
configure:7298: g++ -o conftest -g -O2   conftest.cpp  >&5
configure:7298: $? = 0
configure:7307: result: yes
configure:8135: checking whether to use NLS
configure:8137: result: yes
configure:8140: checking where the gettext function comes from
configure:8151: result: libc
configure:8259: checking for ar
configure:8275: found /usr/bin/ar
configure:8286: result: ar
configure:8312: checking the archiver (ar) interface
configure:8328: gcc -c -g -O2  conftest.c >&5
configure:8328: $? = 0
configure:8330: ar cru libconftest.a conftest.o >&5
ar: `u' modifier ignored since `D' is the default (see `U')
configure:8333: $? = 0
configure:8332: result: ar
configure:8373: checking how to run the C preprocessor
configure:8404: gcc -E  conftest.c
configure:8404: $? = 0
configure:8418: gcc -E  conftest.c
conftest.c:26:10: fatal error: ac_nonexistent.h: No such file or directory
   26 | #include <ac_nonexistent.h>
      |          ^~~~~~~~~~~~~~~~~~
compilation terminated.
configure:8418: $? = 1
configure: failed program was:
| /* confdefs.h */
| #define PACKAGE_NAME "ClanBomber"
| #define PACKAGE_TARNAME "clanbomber"
| #define PACKAGE_VERSION "2.2.0"
| #define PACKAGE_STRING "ClanBomber 2.2.0"
| #define PACKAGE_BUGREPORT "rsl@member.fsf.org"
| #define PACKAGE_URL ""
| #define PACKAGE "clanbomber"
| #define VERSION "2.2.0"
| #define HAVE_CXX11 1
| #define STDC_HEADERS 1
| #define HAVE_SYS_TYPES_H 1
| #define HAVE_SYS_STAT_H 1
| #define HAVE_STDLIB_H 1
| #define HAVE_STRING_H 1
| #define HAVE_MEMORY_H 1
| #define HAVE_STRINGS_H 1
| #define HAVE_INTTYPES_H 1
| #define HAVE_STDINT_H 1
| #define HAVE_UNISTD_H 1
| #define ENABLE_NLS 1
| #define HAVE_GETTEXT 1
| #define HAVE_DCGETTEXT 1
| #define HOST_SYSTEM "x86_64-pc-linux-gnu"
| /* end confdefs.h.  */
| #include <ac_nonexistent.h>
configure:8443: result: gcc -E
configure:8463: gcc -E  conftest.c
configure:8463: $? = 0
configure:8477: gcc -E  conftest.c
conftest.c:26:10: fatal error: ac_nonexistent.h: No such file or directory
   26 | #include <ac_nonexistent.h>
      |          ^~~~~~~~~~~~~~~~~~
compilation terminated.
configure:8477: $? = 1
configure: failed program was:
| /* confdefs.h */
| #define PACKAGE_NAME "ClanBomber"
| #define PACKAGE_TARNAME "clanbomber"
| #define PACKAGE_VERSION "2.2.0"
| #define PACKAGE_STRING "ClanBomber 2.2.0"
| #define PACKAGE_BUGREPORT "rsl@member.fsf.org"
| #define PACKAGE_URL ""
| #define PACKAGE "clanbomber"
| #define VERSION "2.2.0"
| #define HAVE_CXX11 1
| #define STDC_HEADERS 1
| #define HAVE_SYS_TYPES_H 1
| #define HAVE_SYS_STAT_H 1
| #define HAVE_STDLIB_H 1
| #define HAVE_STRING_H 1
| #define HAVE_MEMORY_H 1
| #define HAVE_STRINGS_H 1
| #define HAVE_INTTYPES_H 1
| #define HAVE_STDINT_H 1
| #define HAVE_UNISTD_H 1
| #define ENABLE_NLS 1
| #define HAVE_GETTEXT 1
| #define HAVE_DCGETTEXT 1
| #define HOST_SYSTEM "x86_64-pc-linux-gnu"
| /* end confdefs.h.  */
| #include <ac_nonexistent.h>
configure:8689: checking whether gcc is Clang
configure:8714: result: no
configure:8837: checking whether pthreads work with -pthread
configure:8931: gcc -o conftest -g -O2 -pthread   conftest.c   >&5
configure:8931: $? = 0
configure:8940: result: yes
configure:8959: checking for joinable pthread attribute
configure:8977: gcc -o conftest -g -O2 -pthread   conftest.c   >&5
configure:8977: $? = 0
configure:8985: result: PTHREAD_CREATE_JOINABLE
configure:8999: checking whether more special flags are required for pthreads
configure:9012: result: no
configure:9020: checking for PTHREAD_PRIO_INHERIT
configure:9036: gcc -o conftest -g -O2 -pthread   conftest.c   >&5
configure:9036: $? = 0
configure:9045: result: yes
configure:9200: checking for boostlib >= 1.46
configure:9283: g++ -c -g -O2  -I/usr/include conftest.cpp >&5
configure:9283: $? = 0
configure:9285: result: yes
configure:9472: checking whether the Boost::ASIO library is available
configure:9503: g++ -c -g -O2  -I/usr/include conftest.cpp >&5
configure:9503: $? = 0
configure:9517: result: yes
configure:9528: checking for main in -lboost_system
configure:9547: g++ -o conftest -g -O2  -I/usr/include  -L/usr/lib/x86_64-linux-gnu conftest.cpp -lboost_system   >&5
configure:9547: $? = 0
configure:9557: result: yes
configure:9656: checking whether the Boost::Filesystem library is available
configure:9680: g++ -c -g -O2  -I/usr/include conftest.cpp >&5
configure:9680: $? = 0
configure:9694: result: yes
configure:9705: checking for exit in -lboost_filesystem
configure:9730: g++ -o conftest -g -O2  -I/usr/include  -L/usr/lib/x86_64-linux-gnu conftest.cpp -lboost_filesystem    >&5
conftest.cpp:38:6: warning: declaration of 'char exit()' conflicts with built-in declaration 'void exit(int)' [-Wbuiltin-declaration-mismatch]
   38 | char exit ();
      |      ^~~~
configure:9730: $? = 0
configure:9740: result: yes
configure:9890: checking whether the Boost::Program_Options library is available
configure:9914: g++ -c -g -O2  -I/usr/include conftest.cpp >&5
configure:9914: $? = 0
configure:9928: result: yes
configure:9939: checking for exit in -lboost_program_options
configure:9964: g++ -o conftest -g -O2  -I/usr/include  -L/usr/lib/x86_64-linux-gnu conftest.cpp -lboost_program_options   >&5
conftest.cpp:39:6: warning: declaration of 'char exit()' conflicts with built-in declaration 'void exit(int)' [-Wbuiltin-declaration-mismatch]
   39 | char exit ();
      |      ^~~~
configure:9964: $? = 0
configure:9974: result: yes
configure:10144: checking for pkg-config
configure:10162: found /usr/bin/pkg-config
configure:10174: result: /usr/bin/pkg-config
configure:10199: checking pkg-config is at least version 0.9.0
configure:10202: result: yes
configure:10212: checking for SDL
configure:10219: $PKG_CONFIG --exists --print-errors "sdl >= 1.2.0"
configure:10222: $? = 0
configure:10236: $PKG_CONFIG --exists --print-errors "sdl >= 1.2.0"
configure:10239: $? = 0
configure:10279: result: yes
configure:10292: checking for SDL_IMAGE
configure:10299: $PKG_CONFIG --exists --print-errors "SDL_image"
configure:10302: $? = 0
configure:10316: $PKG_CONFIG --exists --print-errors "SDL_image"
configure:10319: $? = 0
configure:10359: result: yes
configure:10372: checking for SDL_MIXER
configure:10379: $PKG_CONFIG --exists --print-errors "SDL_mixer"
configure:10382: $? = 0
configure:10396: $PKG_CONFIG --exists --print-errors "SDL_mixer"
configure:10399: $? = 0
configure:10439: result: yes
configure:10452: checking for SDL_TTF
configure:10459: $PKG_CONFIG --exists --print-errors "SDL_ttf"
configure:10462: $? = 0
configure:10476: $PKG_CONFIG --exists --print-errors "SDL_ttf"
configure:10479: $? = 0
configure:10519: result: yes
configure:10532: checking for SDL_GFX
configure:10539: $PKG_CONFIG --exists --print-errors "SDL_gfx"
configure:10542: $? = 0
configure:10556: $PKG_CONFIG --exists --print-errors "SDL_gfx"
configure:10559: $? = 0
configure:10599: result: yes
configure:11374: checking that generated files are newer than configure
configure:11380: result: done
configure:11424: creating ./config.status

## ---------------------- ##
## Running config.status. ##
## ---------------------- ##

This file was extended by ClanBomber config.status 2.2.0, which was
generated by GNU Autoconf 2.69.  Invocation command line was

  CONFIG_FILES    = 
  CONFIG_HEADERS  = 
  CONFIG_LINKS    = 
  CONFIG_COMMANDS = 
  $ ./config.status 

on codespaces-3beab4

config.status:951: creating Makefile
config.status:951: creating src/Makefile
config.status:951: creating src/cbe/Makefile
config.status:951: creating src/find_bin/Makefile
config.status:951: creating src/fonts/Makefile
config.status:951: creating src/maps/Makefile
config.status:951: creating src/menuentry/Makefile
config.status:951: creating src/pics/Makefile
config.status:951: creating src/wavs/Makefile
config.status:951: creating po/Makefile.in
config.status:951: creating config.h
config.status:1132: config.h is unchanged
config.status:1180: executing depfiles commands
config.status:1257: cd src       && sed -e '/# am--include-marker/d' Makefile         | make -f - am--depfiles
make: Nothing to be done for 'am--depfiles'.
config.status:1262: $? = 0
config.status:1257: cd src/cbe       && sed -e '/# am--include-marker/d' Makefile         | make -f - am--depfiles
make: Nothing to be done for 'am--depfiles'.
config.status:1262: $? = 0
config.status:1257: cd src/find_bin       && sed -e '/# am--include-marker/d' Makefile         | make -f - am--depfiles
make: Nothing to be done for 'am--depfiles'.
config.status:1262: $? = 0
config.status:1180: executing po-directories commands

## ---------------- ##
## Cache variables. ##
## ---------------- ##

ac_cv_build=x86_64-pc-linux-gnu
ac_cv_c_bigendian=no
ac_cv_c_compiler_gnu=yes
ac_cv_cxx_compiler_gnu=yes
ac_cv_env_CCC_set=
ac_cv_env_CCC_value=
ac_cv_env_CC_set=
ac_cv_env_CC_value=
ac_cv_env_CFLAGS_set=
ac_cv_env_CFLAGS_value=
ac_cv_env_CPPFLAGS_set=
ac_cv_env_CPPFLAGS_value=
ac_cv_env_CPP_set=
ac_cv_env_CPP_value=
ac_cv_env_CXXCPP_set=
ac_cv_env_CXXCPP_value=
ac_cv_env_CXXFLAGS_set=
ac_cv_env_CXXFLAGS_value=
ac_cv_env_CXX_set=
ac_cv_env_CXX_value=
ac_cv_env_LDFLAGS_set=
ac_cv_env_LDFLAGS_value=
ac_cv_env_LIBGUILE_CFLAGS_set=
ac_cv_env_LIBGUILE_CFLAGS_value=
ac_cv_env_LIBGUILE_LIBS_set=
ac_cv_env_LIBGUILE_LIBS_value=
ac_cv_env_LIBS_set=
ac_cv_env_LIBS_value=
ac_cv_env_OPENAL_CFLAGS_set=
ac_cv_env_OPENAL_CFLAGS_value=
ac_cv_env_OPENAL_LIBS_set=
ac_cv_env_OPENAL_LIBS_value=
ac_cv_env_PKG_CONFIG_LIBDIR_set=
ac_cv_env_PKG_CONFIG_LIBDIR_value=
ac_cv_env_PKG_CONFIG_PATH_set=
ac_cv_env_PKG_CONFIG_PATH_value=
ac_cv_env_PKG_CONFIG_set=
ac_cv_env_PKG_CONFIG_value=
ac_cv_env_SDL_CFLAGS_set=
ac_cv_env_SDL_CFLAGS_value=
ac_cv_env_SDL_GFX_CFLAGS_set=
ac_cv_env_SDL_GFX_CFLAGS_value=
ac_cv_env_SDL_GFX_LIBS_set=
ac_cv_env_SDL_GFX_LIBS_value=
ac_cv_env_SDL_IMAGE_CFLAGS_set=
ac_cv_env_SDL_IMAGE_CFLAGS_value=
ac_cv_env_SDL_IMAGE_LIBS_set=
ac_cv_env_SDL_IMAGE_LIBS_value=
ac_cv_env_SDL_LIBS_set=
ac_cv_env_SDL_LIBS_value=
ac_cv_env_SDL_MIXER_CFLAGS_set=
ac_cv_env_SDL_MIXER_CFLAGS_value=
ac_cv_env_SDL_MIXER_LIBS_set=
ac_cv_env_SDL_MIXER_LIBS_value=
ac_cv_env_SDL_TTF_CFLAGS_set=
ac_cv_env_SDL_TTF_CFLAGS_value=
ac_cv_env_SDL_TTF_LIBS_set=
ac_cv_env_SDL_TTF_LIBS_value=
ac_cv_env_build_alias_set=
ac_cv_env_build_alias_value=
ac_cv_env_host_alias_set=
ac_cv_env_host_alias_value=
ac_cv_env_target_alias_set=
ac_cv_env_target_alias_value=
ac_cv_header_inttypes_h=yes
ac_cv_header_memory_h=yes
ac_cv_header_stdc=yes
ac_cv_header_stdint_h=yes
ac_cv_header_stdlib_h=yes
ac_cv_header_string_h=yes
ac_cv_header_strings_h=yes
ac_cv_header_sys_stat_h=yes
ac_cv_header_sys_types_h=yes
ac_cv_header_unistd_h=yes
ac_cv_host=x86_64-pc-linux-gnu
ac_cv_lib_boost_filesystem___exit=yes
ac_cv_lib_boost_program_options___exit=yes
ac_cv_lib_boost_system___main=yes
ac_cv_objext=o
ac_cv_path_EGREP='/usr/bin/grep -E'
ac_cv_path_GMSGFMT=/usr/bin/msgfmt
ac_cv_path_GREP=/usr/bin/grep
ac_cv_path_MSGFMT=/usr/bin/msgfmt
ac_cv_path_MSGMERGE=/usr/bin/msgmerge
ac_cv_path_SED=/usr/bin/sed
ac_cv_path_XGETTEXT=/usr/bin/xgettext
ac_cv_path_ac_pt_PKG_CONFIG=/usr/bin/pkg-config
ac_cv_path_install='/usr/bin/install -c'
ac_cv_path_mkdir=/usr/bin/mkdir
ac_cv_prog_AWK=gawk
ac_cv_prog_CPP='gcc -E'
ac_cv_prog_CXXCPP='g++ -E'
ac_cv_prog_ac_ct_AR=ar
ac_cv_prog_ac_ct_CC=gcc
ac_cv_prog_ac_ct_CXX=g++
ac_cv_prog_ac_ct_RANLIB=ranlib
ac_cv_prog_cc_c89=
ac_cv_prog_cc_g=yes
ac_cv_prog_cxx_g=yes
ac_cv_prog_make_make_set=yes
acl_cv_hardcode_direct=no
acl_cv_hardcode_libdir_flag_spec='${wl}-rpath ${wl}$libdir'
acl_cv_hardcode_libdir_separator=
acl_cv_hardcode_minus_L=no
acl_cv_libext=a
acl_cv_libname_spec='lib$name'
acl_cv_library_names_spec='$libname$shrext'
acl_cv_path_LD=/usr/bin/ld
acl_cv_prog_gnu_ld=yes
acl_cv_rpath=done
acl_cv_shlibext=so
acl_cv_wl=-Wl,
am_cv_CC_dependencies_compiler_type=gcc3
am_cv_CXX_dependencies_compiler_type=gcc3
am_cv_ar_interface=ar
am_cv_make_support_nested_variables=yes
am_cv_prog_cc_c_o=yes
ax_cv_PTHREAD_CLANG=no
ax_cv_PTHREAD_JOINABLE_ATTR=PTHREAD_CREATE_JOINABLE
ax_cv_PTHREAD_PRIO_INHERIT=yes
ax_cv_PTHREAD_SPECIAL_FLAGS=no
ax_cv_boost_asio=yes
ax_cv_boost_filesystem=yes
ax_cv_boost_program_options=yes
ax_cv_cxx_compile_cxx11=yes
gt_cv_func_CFLocaleCopyCurrent=no
gt_cv_func_CFPreferencesCopyAppValue=no
gt_cv_func_gnugettext1_libc=yes
pkg_cv_SDL_CFLAGS='-D_GNU_SOURCE=1 -D_REENTRANT -I/usr/include/SDL'
pkg_cv_SDL_GFX_CFLAGS='-D_GNU_SOURCE=1 -D_REENTRANT -I/usr/include/SDL'
pkg_cv_SDL_GFX_LIBS='-lSDL_gfx -lSDL'
pkg_cv_SDL_IMAGE_CFLAGS='-D_GNU_SOURCE=1 -D_REENTRANT -I/usr/include/SDL'
pkg_cv_SDL_IMAGE_LIBS='-lSDL_image -lSDL'
pkg_cv_SDL_LIBS=-lSDL
pkg_cv_SDL_MIXER_CFLAGS='-D_GNU_SOURCE=1 -D_REENTRANT -I/usr/include/SDL'
pkg_cv_SDL_MIXER_LIBS='-lSDL_mixer -lSDL'
pkg_cv_SDL_TTF_CFLAGS='-D_GNU_SOURCE=1 -D_REENTRANT -I/usr/include/SDL'
pkg_cv_SDL_TTF_LIBS='-lSDL_ttf -lSDL'

## ----------------- ##
## Output variables. ##
## ----------------- ##

ACLOCAL='${SHELL} /workspaces/ClanBomber/build-aux/missing aclocal-1.16'
AMDEPBACKSLASH='\'
AMDEP_FALSE='#'
AMDEP_TRUE=''
AMTAR='$${TAR-tar}'
AM_BACKSLASH='\'
AM_DEFAULT_V='$(AM_DEFAULT_VERBOSITY)'
AM_DEFAULT_VERBOSITY='1'
AM_V='$(V)'
AR='ar'
AUTOCONF='${SHELL} /workspaces/ClanBomber/build-aux/missing autoconf'
AUTOHEADER='${SHELL} /workspaces/ClanBomber/build-aux/missing autoheader'
AUTOMAKE='${SHELL} /workspaces/ClanBomber/build-aux/missing automake-1.16'
AWK='gawk'
BOOST_ASIO_LIB='-lboost_system'
BOOST_CPPFLAGS='-I/usr/include'
BOOST_FILESYSTEM_LIB='-lboost_filesystem'
BOOST_LDFLAGS='-L/usr/lib/x86_64-linux-gnu'
BOOST_PROGRAM_OPTIONS_LIB='-lboost_program_options'
BOOST_THREAD_LIB=''
CC='gcc'
CCDEPMODE='depmode=gcc3'
CFLAGS='-g -O2'
CPP='gcc -E'
CPPFLAGS=''
CXX='g++'
CXXCPP='g++ -E'
CXXDEPMODE='depmode=gcc3'
CXXFLAGS='-g -O2'
CYGPATH_W='echo'
DEFS='-DHAVE_CONFIG_H'
DEPDIR='.deps'
ECHO_C=''
ECHO_N='-n'
ECHO_T=''
EGREP='/usr/bin/grep -E'
ENABLE_CONSOLE_FALSE=''
ENABLE_CONSOLE_TRUE='#'
ENABLE_EXPERIMENTAL_EXTRAS_FALSE=''
ENABLE_EXPERIMENTAL_EXTRAS_TRUE='#'
ENABLE_OPENAL_FALSE=''
ENABLE_OPENAL_TRUE='#'
ENABLE_RELATIVE_PATHS_FALSE=''
ENABLE_RELATIVE_PATHS_TRUE='#'
EXEEXT=''
GETTEXT_MACRO_VERSION='0.19'
GMSGFMT='/usr/bin/msgfmt'
GMSGFMT_015='/usr/bin/msgfmt'
GREP='/usr/bin/grep'
HAVE_CXX11='1'
INSTALL_DATA='${INSTALL} -m 644'
INSTALL_PROGRAM='${INSTALL}'
INSTALL_SCRIPT='${INSTALL}'
INSTALL_STRIP_PROGRAM='$(install_sh) -c -s'
INTLLIBS=''
INTL_MACOSX_LIBS=''
LDFLAGS=''
LIBGUILE_CFLAGS=''
LIBGUILE_LIBS=''
LIBICONV='-liconv'
LIBINTL=''
LIBOBJS=''
LIBS=''
LTLIBICONV='-liconv'
LTLIBINTL=''
LTLIBOBJS=''
MAKEINFO='${SHELL} /workspaces/ClanBomber/build-aux/missing makeinfo'
MKDIR_P='/usr/bin/mkdir -p'
MSGFMT='/usr/bin/msgfmt'
MSGFMT_015='/usr/bin/msgfmt'
MSGMERGE='/usr/bin/msgmerge'
OBJEXT='o'
OPENAL_CFLAGS=''
OPENAL_LIBS=''
PACKAGE='clanbomber'
PACKAGE_BUGREPORT='rsl@member.fsf.org'
PACKAGE_NAME='ClanBomber'
PACKAGE_STRING='ClanBomber 2.2.0'
PACKAGE_TARNAME='clanbomber'
PACKAGE_URL=''
PACKAGE_VERSION='2.2.0'
PATH_SEPARATOR=':'
PKG_CONFIG='/usr/bin/pkg-config'
PKG_CONFIG_LIBDIR=''
PKG_CONFIG_PATH=''
POSUB='po'
PTHREAD_CC='gcc'
PTHREAD_CFLAGS='-pthread'
PTHREAD_LIBS=''
RANLIB='ranlib'
RELATIVE_DATADIR=''
RELATIVE_LOCALEDIR=''
SDL_CFLAGS='-D_GNU_SOURCE=1 -D_REENTRANT -I/usr/include/SDL'
SDL_GFX_CFLAGS='-D_GNU_SOURCE=1 -D_REENTRANT -I/usr/include/SDL'
SDL_GFX_LIBS='-lSDL_gfx -lSDL'
SDL_IMAGE_CFLAGS='-D_GNU_SOURCE=1 -D_REENTRANT -I/usr/include/SDL'
SDL_IMAGE_LIBS='-lSDL_image -lSDL'
SDL_LIBS='-lSDL'
SDL_MIXER_CFLAGS='-D_GNU_SOURCE=1 -D_REENTRANT -I/usr/include/SDL'
SDL_MIXER_LIBS='-lSDL_mixer -lSDL'
SDL_TTF_CFLAGS='-D_GNU_SOURCE=1 -D_REENTRANT -I/usr/include/SDL'
SDL_TTF_LIBS='-lSDL_ttf -lSDL'
SED='/usr/bin/sed'
SET_MAKE=''
SHELL='/bin/bash'
STRIP=''
USE_NLS='yes'
VERSION='2.2.0'
XGETTEXT='/usr/bin/xgettext'
XGETTEXT_015='/usr/bin/xgettext'
XGETTEXT_EXTRA_OPTIONS=''
ac_ct_AR='ar'
ac_ct_CC='gcc'
ac_ct_CXX='g++'
am__EXEEXT_FALSE=''
am__EXEEXT_TRUE='#'
am__fastdepCC_FALSE='#'
am__fastdepCC_TRUE=''
am__fastdepCXX_FALSE='#'
am__fastdepCXX_TRUE=''
am__include='include'
am__isrc=''
am__leading_dot='.'
am__nodep='_no'
am__quote=''
am__tar='$${TAR-tar} chof - "$$tardir"'
am__untar='$${TAR-tar} xf -'
ax_pthread_config=''
bindir='${exec_prefix}/bin'
build='x86_64-pc-linux-gnu'
build_alias=''
build_cpu='x86_64'
build_os='linux-gnu'
build_vendor='pc'
datadir='${datarootdir}'
datarootdir='${prefix}/share'
docdir='${datarootdir}/doc/${PACKAGE_TARNAME}'
dvidir='${docdir}'
exec_prefix='${prefix}'
host='x86_64-pc-linux-gnu'
host_alias=''
host_cpu='x86_64'
host_os='linux-gnu'
host_vendor='pc'
htmldir='${docdir}'
includedir='${prefix}/include'
infodir='${datarootdir}/info'
install_sh='${SHELL} /workspaces/ClanBomber/build-aux/install-sh'
libdir='${exec_prefix}/lib'
libexecdir='${exec_prefix}/libexec'
localedir='${datarootdir}/locale'
localstatedir='${prefix}/var'
mandir='${datarootdir}/man'
mkdir_p='$(MKDIR_P)'
oldincludedir='/usr/include'
pdfdir='${docdir}'
prefix='/usr/local'
program_transform_name='s,x,x,'
psdir='${docdir}'
runstatedir='${localstatedir}/run'
sbindir='${exec_prefix}/sbin'
sharedstatedir='${prefix}/com'
sysconfdir='${prefix}/etc'
target_alias=''

## ----------- ##
## confdefs.h. ##
## ----------- ##

/* confdefs.h */
#define PACKAGE_NAME "ClanBomber"
#define PACKAGE_TARNAME "clanbomber"
#define PACKAGE_VERSION "2.2.0"
#define PACKAGE_STRING "ClanBomber 2.2.0"
#define PACKAGE_BUGREPORT "rsl@member.fsf.org"
#define PACKAGE_URL ""
#define PACKAGE "clanbomber"
#define VERSION "2.2.0"
#define HAVE_CXX11 1
#define STDC_HEADERS 1
#define HAVE_SYS_TYPES_H 1
#define HAVE_SYS_STAT_H 1
#define HAVE_STDLIB_H 1
#define HAVE_STRING_H 1
#define HAVE_MEMORY_H 1
#define HAVE_STRINGS_H 1
#define HAVE_INTTYPES_H 1
#define HAVE_STDINT_H 1
#define HAVE_UNISTD_H 1
#define ENABLE_NLS 1
#define HAVE_GETTEXT 1
#define HAVE_DCGETTEXT 1
#define HOST_SYSTEM "x86_64-pc-linux-gnu"
#define HAVE_PTHREAD_PRIO_INHERIT 1
#define HAVE_PTHREAD 1
#define HAVE_BOOST /**/
#define HAVE_BOOST_ASIO /**/
#define HAVE_BOOST_FILESYSTEM /**/
#define HAVE_BOOST_PROGRAM_OPTIONS /**/

configure: exit 0
